<?xml version="1.0" encoding="UTF-8"?>
<!-- Generated by org.testng.reporters.JUnitReportReporter -->
<testsuite hostname="KIARA" failures="0" tests="1" name="cucumberOptions.TestNGTestRunner" time="17.268" errors="0" timestamp="2024-11-18T07:00:32 IST" skipped="0">
  <testcase classname="cucumberOptions.TestNGTestRunner" name="runScenario" time="17.268"/>
</testsuite> <!-- cucumberOptions.TestNGTestRunner -->
