<?xml version="1.0" encoding="UTF-8"?>
<!-- Generated by org.testng.reporters.JUnitReportReporter -->
<testsuite hostname="KIARA" failures="0" tests="1" name="cucumberOptions.TestNGTestRunner" time="19.760" errors="0" timestamp="2024-11-18T15:13:32 IST" skipped="0">
  <testcase classname="cucumberOptions.TestNGTestRunner" name="runScenario" time="19.760"/>
</testsuite> <!-- cucumberOptions.TestNGTestRunner -->
